{
"src/app/about/about.component.ts":{"path":"src/app/about/about.component.ts","statementMap":{"1":{"start":{"line":1,"column":0},"end":{"line":4,"column":22}},"2":{"start":{"line":5,"column":0},"end":{"line":5,"column":48}},"3":{"start":{"line":25,"column":27},"end":{"line":25,"column":0}},"4":{"start":{"line":29,"column":11},"end":{"line":29,"column":32}},"5":{"start":{"line":32,"column":9},"end":{"line":46,"column":3}},"6":{"start":{"line":32,"column":2},"end":{"line":46,"column":2}},"7":{"start":{"line":33,"column":4},"end":{"line":38,"column":9}},"8":{"start":{"line":37,"column":8},"end":{"line":37,"column":40}},"9":{"start":{"line":40,"column":4},"end":{"line":40,"column":43}},"10":{"start":{"line":45,"column":4},"end":{"line":45,"column":32}},"11":{"start":{"line":47,"column":10},"end":{"line":60,"column":3}},"12":{"start":{"line":47,"column":2},"end":{"line":60,"column":2}},"13":{"start":{"line":51,"column":4},"end":{"line":59,"column":7}},"14":{"start":{"line":53,"column":6},"end":{"line":57,"column":11}},"15":{"start":{"line":55,"column":10},"end":{"line":55,"column":46}},"16":{"start":{"line":56,"column":10},"end":{"line":56,"column":33}},"17":{"start":{"line":62,"column":0},"end":{"line":62,"column":1}},"18":{"start":{"line":25,"column":13},"end":{"line":62,"column":1}},"19":{"start":{"line":25,"column":13},"end":{"line":25,"column":27}}},"fnMap":{"1":{"name":"(anonymous_0)","line":25,"loc":{"start":{"line":25,"column":27},"end":{"line":25,"column":0}}},"2":{"name":"AboutComponent","line":29,"loc":{"start":{"line":29,"column":32},"end":{"line":30,"column":6}}},"3":{"name":"(anonymous_2)","line":32,"loc":{"start":{"line":32,"column":2},"end":{"line":46,"column":3}}},"4":{"name":"(anonymous_3)","line":35,"loc":{"start":{"line":35,"column":27},"end":{"line":38,"column":7}}},"5":{"name":"(anonymous_4)","line":47,"loc":{"start":{"line":47,"column":2},"end":{"line":60,"column":3}}},"6":{"name":"(anonymous_5)","line":51,"loc":{"start":{"line":51,"column":15},"end":{"line":59,"column":5}}},"7":{"name":"(anonymous_6)","line":54,"loc":{"start":{"line":54,"column":19},"end":{"line":57,"column":9}}}},"branchMap":{},"s":{"1":1,"2":1,"3":1,"4":1,"5":1,"6":1,"7":1,"8":1,"9":1,"10":1,"11":1,"12":1,"13":1,"14":1,"15":1,"16":1,"17":1,"18":1,"19":1},"b":{},"f":{"1":1,"2":1,"3":1,"4":1,"5":1,"6":1,"7":1},"l":{"1":1,"5":1,"25":1,"29":1,"32":1,"33":1,"37":1,"40":1,"45":1,"47":1,"51":1,"53":1,"55":1,"56":1,"62":1}},
"src/app/app.component.ts":{"path":"src/app/app.component.ts","statementMap":{"1":{"start":{"line":4,"column":0},"end":{"line":8,"column":22}},"2":{"start":{"line":9,"column":0},"end":{"line":9,"column":40}},"3":{"start":{"line":65,"column":25},"end":{"line":65,"column":0}},"4":{"start":{"line":71,"column":11},"end":{"line":71,"column":29}},"5":{"start":{"line":66,"column":9},"end":{"line":66,"column":65}},"6":{"start":{"line":67,"column":9},"end":{"line":67,"column":44}},"7":{"start":{"line":68,"column":9},"end":{"line":68,"column":50}},"8":{"start":{"line":74,"column":9},"end":{"line":76,"column":3}},"9":{"start":{"line":75,"column":4},"end":{"line":75,"column":58}},"10":{"start":{"line":78,"column":0},"end":{"line":78,"column":1}},"11":{"start":{"line":65,"column":13},"end":{"line":78,"column":1}},"12":{"start":{"line":65,"column":13},"end":{"line":65,"column":25}}},"fnMap":{"1":{"name":"(anonymous_0)","line":65,"loc":{"start":{"line":65,"column":25},"end":{"line":65,"column":0}}},"2":{"name":"AppComponent","line":71,"loc":{"start":{"line":71,"column":29},"end":{"line":72,"column":6}}},"3":{"name":"(anonymous_2)","line":74,"loc":{"start":{"line":74,"column":2},"end":{"line":76,"column":3}}}},"branchMap":{},"s":{"1":1,"2":1,"3":1,"4":3,"5":3,"6":3,"7":3,"8":1,"9":4,"10":1,"11":1,"12":1},"b":{},"f":{"1":1,"2":3,"3":4},"l":{"4":1,"9":1,"65":1,"66":3,"67":3,"68":3,"71":3,"74":1,"75":4,"78":1}},
"src/app/app.service.ts":{"path":"src/app/app.service.ts","statementMap":{"1":{"start":{"line":1,"column":0},"end":{"line":1,"column":42}},"2":{"start":{"line":8,"column":21},"end":{"line":8,"column":0}},"3":{"start":{"line":10,"column":9},"end":{"line":10,"column":41}},"4":{"start":{"line":13,"column":2},"end":{"line":15,"column":3}},"5":{"start":{"line":14,"column":4},"end":{"line":14,"column":50}},"6":{"start":{"line":18,"column":4},"end":{"line":18,"column":59}},"7":{"start":{"line":21,"column":9},"end":{"line":25,"column":3}},"8":{"start":{"line":23,"column":18},"end":{"line":23,"column":28}},"9":{"start":{"line":24,"column":4},"end":{"line":24,"column":60}},"10":{"start":{"line":27,"column":9},"end":{"line":30,"column":3}},"11":{"start":{"line":29,"column":4},"end":{"line":29,"column":37}},"12":{"start":{"line":32,"column":10},"end":{"line":35,"column":3}},"13":{"start":{"line":34,"column":4},"end":{"line":34,"column":48}},"14":{"start":{"line":36,"column":0},"end":{"line":36,"column":1}},"15":{"start":{"line":8,"column":13},"end":{"line":36,"column":1}},"16":{"start":{"line":8,"column":13},"end":{"line":8,"column":21}}},"fnMap":{"1":{"name":"(anonymous_0)","line":8,"loc":{"start":{"line":8,"column":21},"end":{"line":8,"column":0}}},"2":{"name":"AppState","line":7,"loc":{"start":{"line":7,"column":0},"end":{"line":36,"column":1}}},"3":{"name":"(anonymous_2)","line":13,"loc":{"start":{"line":13,"column":2},"end":{"line":15,"column":3}}},"4":{"name":"(anonymous_3)","line":17,"loc":{"start":{"line":17,"column":24},"end":{"line":19,"column":3}}},"5":{"name":"(anonymous_4)","line":21,"loc":{"start":{"line":21,"column":23},"end":{"line":25,"column":3}}},"6":{"name":"(anonymous_5)","line":27,"loc":{"start":{"line":27,"column":37},"end":{"line":30,"column":3}}},"7":{"name":"(anonymous_6)","line":32,"loc":{"start":{"line":32,"column":42},"end":{"line":35,"column":3}}}},"branchMap":{"1":{"line":24,"type":"cond-expr","locations":[{"start":{"line":24,"column":40},"end":{"line":24,"column":51}},{"start":{"line":24,"column":54},"end":{"line":24,"column":59}}]}},"s":{"1":1,"2":1,"3":6,"4":1,"5":10,"6":0,"7":1,"8":0,"9":0,"10":1,"11":0,"12":1,"13":10,"14":1,"15":1,"16":1},"b":{"1":[0,0]},"f":{"1":1,"2":6,"3":10,"4":0,"5":0,"6":0,"7":10},"l":{"1":1,"8":1,"10":6,"13":1,"14":10,"18":0,"21":1,"23":0,"24":0,"27":1,"29":0,"32":1,"34":10,"36":1}},
"src/app/home/home.component.ts":{"path":"src/app/home/home.component.ts","statementMap":{"1":{"start":{"line":1,"column":0},"end":{"line":4,"column":22}},"2":{"start":{"line":6,"column":0},"end":{"line":6,"column":41}},"3":{"start":{"line":7,"column":0},"end":{"line":7,"column":31}},"4":{"start":{"line":24,"column":26},"end":{"line":24,"column":0}},"5":{"start":{"line":29,"column":11},"end":{"line":29,"column":29}},"6":{"start":{"line":30,"column":11},"end":{"line":30,"column":23}},"7":{"start":{"line":26,"column":9},"end":{"line":26,"column":36}},"8":{"start":{"line":33,"column":9},"end":{"line":36,"column":3}},"9":{"start":{"line":34,"column":4},"end":{"line":34,"column":42}},"10":{"start":{"line":38,"column":9},"end":{"line":42,"column":3}},"11":{"start":{"line":39,"column":4},"end":{"line":39,"column":38}},"12":{"start":{"line":40,"column":4},"end":{"line":40,"column":38}},"13":{"start":{"line":41,"column":4},"end":{"line":41,"column":31}},"14":{"start":{"line":43,"column":0},"end":{"line":43,"column":1}},"15":{"start":{"line":24,"column":13},"end":{"line":43,"column":1}},"16":{"start":{"line":24,"column":13},"end":{"line":24,"column":26}}},"fnMap":{"1":{"name":"(anonymous_0)","line":24,"loc":{"start":{"line":24,"column":26},"end":{"line":24,"column":0}}},"2":{"name":"HomeComponent","line":30,"loc":{"start":{"line":30,"column":23},"end":{"line":31,"column":6}}},"3":{"name":"(anonymous_2)","line":33,"loc":{"start":{"line":33,"column":2},"end":{"line":36,"column":3}}},"4":{"name":"(anonymous_3)","line":38,"loc":{"start":{"line":38,"column":34},"end":{"line":42,"column":3}}}},"branchMap":{},"s":{"1":1,"2":1,"3":1,"4":1,"5":3,"6":3,"7":3,"8":1,"9":4,"10":1,"11":0,"12":0,"13":0,"14":1,"15":1,"16":1},"b":{},"f":{"1":1,"2":3,"3":4,"4":0},"l":{"1":1,"6":1,"7":1,"24":1,"26":3,"29":3,"30":3,"33":1,"34":4,"38":1,"39":0,"40":0,"41":0,"43":1}},
"src/app/home/title/index.ts":{"path":"src/app/home/title/index.ts","statementMap":{"1":{"start":{"line":1,"column":0},"end":{"line":1,"column":32}}},"fnMap":{},"branchMap":{},"s":{"1":1},"b":{},"f":{},"l":{"1":1}},
"src/app/home/title/title.service.ts":{"path":"src/app/home/title/title.service.ts","statementMap":{"1":{"start":{"line":1,"column":0},"end":{"line":1,"column":42}},"2":{"start":{"line":2,"column":0},"end":{"line":2,"column":36}},"3":{"start":{"line":5,"column":18},"end":{"line":5,"column":0}},"4":{"start":{"line":10,"column":11},"end":{"line":10,"column":21}},"5":{"start":{"line":7,"column":9},"end":{"line":7,"column":29}},"6":{"start":{"line":13,"column":9},"end":{"line":20,"column":3}},"7":{"start":{"line":14,"column":4},"end":{"line":14,"column":45}},"8":{"start":{"line":17,"column":4},"end":{"line":19,"column":6}},"9":{"start":{"line":22,"column":0},"end":{"line":22,"column":1}},"10":{"start":{"line":5,"column":13},"end":{"line":22,"column":1}},"11":{"start":{"line":5,"column":13},"end":{"line":5,"column":18}}},"fnMap":{"1":{"name":"(anonymous_0)","line":5,"loc":{"start":{"line":5,"column":18},"end":{"line":5,"column":0}}},"2":{"name":"Title","line":10,"loc":{"start":{"line":10,"column":21},"end":{"line":11,"column":6}}},"3":{"name":"(anonymous_2)","line":13,"loc":{"start":{"line":13,"column":2},"end":{"line":20,"column":3}}}},"branchMap":{},"s":{"1":1,"2":1,"3":1,"4":5,"5":5,"6":1,"7":2,"8":2,"9":1,"10":1,"11":1},"b":{},"f":{"1":1,"2":5,"3":2},"l":{"1":1,"2":1,"5":1,"7":5,"10":5,"13":1,"14":2,"17":2,"22":1}},
"src/app/home/x-large/x-large.directive.ts":{"path":"src/app/home/x-large/x-large.directive.ts","statementMap":{"1":{"start":{"line":1,"column":0},"end":{"line":6,"column":22}},"2":{"start":{"line":14,"column":28},"end":{"line":14,"column":0}},"3":{"start":{"line":16,"column":11},"end":{"line":16,"column":30}},"4":{"start":{"line":17,"column":11},"end":{"line":17,"column":29}},"5":{"start":{"line":24,"column":4},"end":{"line":24,"column":75}},"6":{"start":{"line":26,"column":0},"end":{"line":26,"column":1}},"7":{"start":{"line":14,"column":13},"end":{"line":26,"column":1}},"8":{"start":{"line":14,"column":13},"end":{"line":14,"column":28}}},"fnMap":{"1":{"name":"(anonymous_0)","line":14,"loc":{"start":{"line":14,"column":28},"end":{"line":14,"column":0}}},"2":{"name":"XLargeDirective","line":17,"loc":{"start":{"line":17,"column":29},"end":{"line":25,"column":3}}}},"branchMap":{},"s":{"1":1,"2":1,"3":1,"4":1,"5":1,"6":1,"7":1,"8":1},"b":{},"f":{"1":1,"2":1},"l":{"1":1,"14":1,"16":1,"17":1,"24":1,"26":1}},
"src/app/workprocess/workprocess.component.ts":{"path":"src/app/workprocess/workprocess.component.ts","statementMap":{"1":{"start":{"line":1,"column":0},"end":{"line":4,"column":22}},"2":{"start":{"line":5,"column":0},"end":{"line":7,"column":30}},"3":{"start":{"line":8,"column":0},"end":{"line":8,"column":48}},"4":{"start":{"line":17,"column":33},"end":{"line":17,"column":0}},"5":{"start":{"line":30,"column":11},"end":{"line":30,"column":32}},"6":{"start":{"line":31,"column":11},"end":{"line":31,"column":49}},"7":{"start":{"line":21,"column":9},"end":{"line":21,"column":27}},"8":{"start":{"line":22,"column":9},"end":{"line":22,"column":34}},"9":{"start":{"line":23,"column":9},"end":{"line":23,"column":29}},"10":{"start":{"line":24,"column":9},"end":{"line":24,"column":32}},"11":{"start":{"line":25,"column":9},"end":{"line":25,"column":43}},"12":{"start":{"line":26,"column":9},"end":{"line":26,"column":45}},"13":{"start":{"line":34,"column":9},"end":{"line":50,"column":3}},"14":{"start":{"line":34,"column":2},"end":{"line":50,"column":2}},"15":{"start":{"line":35,"column":4},"end":{"line":40,"column":9}},"16":{"start":{"line":39,"column":8},"end":{"line":39,"column":40}},"17":{"start":{"line":42,"column":4},"end":{"line":42,"column":49}},"18":{"start":{"line":47,"column":4},"end":{"line":47,"column":32}},"19":{"start":{"line":48,"column":4},"end":{"line":48,"column":29}},"20":{"start":{"line":49,"column":4},"end":{"line":49,"column":32}},"21":{"start":{"line":52,"column":9},"end":{"line":54,"column":3}},"22":{"start":{"line":53,"column":4},"end":{"line":53,"column":16}},"23":{"start":{"line":56,"column":9},"end":{"line":64,"column":3}},"24":{"start":{"line":57,"column":4},"end":{"line":63,"column":5}},"25":{"start":{"line":58,"column":6},"end":{"line":58,"column":62}},"26":{"start":{"line":59,"column":11},"end":{"line":63,"column":5}},"27":{"start":{"line":60,"column":6},"end":{"line":60,"column":47}},"28":{"start":{"line":61,"column":11},"end":{"line":63,"column":5}},"29":{"start":{"line":62,"column":6},"end":{"line":62,"column":50}},"30":{"start":{"line":66,"column":9},"end":{"line":70,"column":3}},"31":{"start":{"line":66,"column":2},"end":{"line":70,"column":2}},"32":{"start":{"line":67,"column":4},"end":{"line":69,"column":7}},"33":{"start":{"line":68,"column":6},"end":{"line":68,"column":40}},"34":{"start":{"line":72,"column":9},"end":{"line":77,"column":3}},"35":{"start":{"line":72,"column":2},"end":{"line":77,"column":2}},"36":{"start":{"line":73,"column":4},"end":{"line":76,"column":7}},"37":{"start":{"line":74,"column":6},"end":{"line":74,"column":30}},"38":{"start":{"line":75,"column":6},"end":{"line":75,"column":44}},"39":{"start":{"line":79,"column":9},"end":{"line":81,"column":3}},"40":{"start":{"line":80,"column":4},"end":{"line":80,"column":32}},"41":{"start":{"line":82,"column":10},"end":{"line":95,"column":3}},"42":{"start":{"line":82,"column":2},"end":{"line":95,"column":2}},"43":{"start":{"line":86,"column":4},"end":{"line":94,"column":7}},"44":{"start":{"line":88,"column":6},"end":{"line":92,"column":11}},"45":{"start":{"line":90,"column":10},"end":{"line":90,"column":46}},"46":{"start":{"line":91,"column":10},"end":{"line":91,"column":33}},"47":{"start":{"line":97,"column":0},"end":{"line":97,"column":1}},"48":{"start":{"line":17,"column":13},"end":{"line":97,"column":1}},"49":{"start":{"line":17,"column":13},"end":{"line":17,"column":33}}},"fnMap":{"1":{"name":"(anonymous_0)","line":17,"loc":{"start":{"line":17,"column":33},"end":{"line":17,"column":0}}},"2":{"name":"WorkprocessComponent","line":31,"loc":{"start":{"line":31,"column":49},"end":{"line":32,"column":6}}},"3":{"name":"(anonymous_2)","line":34,"loc":{"start":{"line":34,"column":2},"end":{"line":50,"column":3}}},"4":{"name":"(anonymous_3)","line":37,"loc":{"start":{"line":37,"column":27},"end":{"line":40,"column":7}}},"5":{"name":"(anonymous_4)","line":52,"loc":{"start":{"line":52,"column":35},"end":{"line":54,"column":3}}},"6":{"name":"(anonymous_5)","line":56,"loc":{"start":{"line":56,"column":29},"end":{"line":64,"column":3}}},"7":{"name":"(anonymous_6)","line":66,"loc":{"start":{"line":66,"column":2},"end":{"line":70,"column":3}}},"8":{"name":"(anonymous_7)","line":67,"loc":{"start":{"line":67,"column":54},"end":{"line":69,"column":5}}},"9":{"name":"(anonymous_8)","line":72,"loc":{"start":{"line":72,"column":2},"end":{"line":77,"column":3}}},"10":{"name":"(anonymous_9)","line":73,"loc":{"start":{"line":73,"column":57},"end":{"line":76,"column":5}}},"11":{"name":"(anonymous_10)","line":79,"loc":{"start":{"line":79,"column":40},"end":{"line":81,"column":3}}},"12":{"name":"(anonymous_11)","line":82,"loc":{"start":{"line":82,"column":2},"end":{"line":95,"column":3}}},"13":{"name":"(anonymous_12)","line":86,"loc":{"start":{"line":86,"column":15},"end":{"line":94,"column":5}}},"14":{"name":"(anonymous_13)","line":89,"loc":{"start":{"line":89,"column":19},"end":{"line":92,"column":9}}}},"branchMap":{"1":{"line":57,"type":"if","locations":[{"start":{"line":57,"column":4},"end":{"line":63,"column":5}},{"start":{"line":57,"column":4},"end":{"line":63,"column":5}}]},"2":{"line":59,"type":"if","locations":[{"start":{"line":59,"column":11},"end":{"line":63,"column":5}},{"start":{"line":59,"column":11},"end":{"line":63,"column":5}}]},"3":{"line":61,"type":"if","locations":[{"start":{"line":61,"column":11},"end":{"line":63,"column":5}},{"start":{"line":61,"column":11},"end":{"line":63,"column":5}}]}},"s":{"1":1,"2":1,"3":1,"4":1,"5":13,"6":13,"7":13,"8":13,"9":13,"10":13,"11":13,"12":13,"13":1,"14":1,"15":1,"16":1,"17":1,"18":1,"19":1,"20":1,"21":1,"22":0,"23":1,"24":1,"25":1,"26":0,"27":0,"28":0,"29":0,"30":1,"31":2,"32":2,"33":1,"34":1,"35":2,"36":2,"37":1,"38":1,"39":1,"40":0,"41":1,"42":1,"43":1,"44":1,"45":1,"46":1,"47":1,"48":1,"49":1},"b":{"1":[1,0],"2":[0,0],"3":[0,0]},"f":{"1":1,"2":13,"3":1,"4":1,"5":0,"6":1,"7":2,"8":1,"9":2,"10":1,"11":0,"12":1,"13":1,"14":1},"l":{"1":1,"5":1,"8":1,"17":1,"21":13,"22":13,"23":13,"24":13,"25":13,"26":13,"30":13,"31":13,"34":1,"35":1,"39":1,"42":1,"47":1,"48":1,"49":1,"52":1,"53":0,"56":1,"57":1,"58":1,"59":0,"60":0,"61":0,"62":0,"66":2,"67":2,"68":1,"72":2,"73":2,"74":1,"75":1,"79":1,"80":0,"82":1,"86":1,"88":1,"90":1,"91":1,"97":1}},
"src/app/workprocess/workprocess.service.ts":{"path":"src/app/workprocess/workprocess.service.ts","statementMap":{"1":{"start":{"line":1,"column":0},"end":{"line":1,"column":42}},"2":{"start":{"line":2,"column":0},"end":{"line":2,"column":46}},"3":{"start":{"line":6,"column":31},"end":{"line":6,"column":0}},"4":{"start":{"line":8,"column":22},"end":{"line":8,"column":32}},"5":{"start":{"line":10,"column":9},"end":{"line":12,"column":3}},"6":{"start":{"line":11,"column":4},"end":{"line":11,"column":56}},"7":{"start":{"line":14,"column":9},"end":{"line":16,"column":3}},"8":{"start":{"line":15,"column":4},"end":{"line":15,"column":59}},"9":{"start":{"line":18,"column":0},"end":{"line":18,"column":1}},"10":{"start":{"line":6,"column":13},"end":{"line":18,"column":1}},"11":{"start":{"line":6,"column":13},"end":{"line":6,"column":31}}},"fnMap":{"1":{"name":"(anonymous_0)","line":6,"loc":{"start":{"line":6,"column":31},"end":{"line":6,"column":0}}},"2":{"name":"WorkprocessService","line":8,"loc":{"start":{"line":8,"column":32},"end":{"line":8,"column":36}}},"3":{"name":"(anonymous_2)","line":10,"loc":{"start":{"line":10,"column":2},"end":{"line":12,"column":3}}},"4":{"name":"(anonymous_3)","line":14,"loc":{"start":{"line":14,"column":2},"end":{"line":16,"column":3}}}},"branchMap":{},"s":{"1":1,"2":1,"3":1,"4":13,"5":1,"6":3,"7":1,"8":3,"9":1,"10":1,"11":1},"b":{},"f":{"1":1,"2":13,"3":3,"4":3},"l":{"1":1,"2":1,"6":1,"8":13,"10":1,"11":3,"14":1,"15":3,"18":1}}}
