{
"src/app/about/about.component.ts":{"path":"src/app/about/about.component.ts","statementMap":{"1":{"start":{"line":1,"column":0},"end":{"line":4,"column":22}},"2":{"start":{"line":5,"column":0},"end":{"line":5,"column":48}},"3":{"start":{"line":25,"column":27},"end":{"line":25,"column":0}},"4":{"start":{"line":29,"column":11},"end":{"line":29,"column":32}},"5":{"start":{"line":32,"column":9},"end":{"line":46,"column":3}},"6":{"start":{"line":32,"column":2},"end":{"line":46,"column":2}},"7":{"start":{"line":33,"column":4},"end":{"line":38,"column":9}},"8":{"start":{"line":37,"column":8},"end":{"line":37,"column":40}},"9":{"start":{"line":40,"column":4},"end":{"line":40,"column":43}},"10":{"start":{"line":45,"column":4},"end":{"line":45,"column":32}},"11":{"start":{"line":47,"column":10},"end":{"line":60,"column":3}},"12":{"start":{"line":47,"column":2},"end":{"line":60,"column":2}},"13":{"start":{"line":51,"column":4},"end":{"line":59,"column":7}},"14":{"start":{"line":53,"column":6},"end":{"line":57,"column":11}},"15":{"start":{"line":55,"column":10},"end":{"line":55,"column":46}},"16":{"start":{"line":56,"column":10},"end":{"line":56,"column":33}},"17":{"start":{"line":62,"column":0},"end":{"line":62,"column":1}},"18":{"start":{"line":25,"column":13},"end":{"line":62,"column":1}},"19":{"start":{"line":25,"column":13},"end":{"line":25,"column":27}}},"fnMap":{"1":{"name":"(anonymous_0)","line":25,"loc":{"start":{"line":25,"column":27},"end":{"line":25,"column":0}}},"2":{"name":"AboutComponent","line":29,"loc":{"start":{"line":29,"column":32},"end":{"line":30,"column":6}}},"3":{"name":"(anonymous_2)","line":32,"loc":{"start":{"line":32,"column":2},"end":{"line":46,"column":3}}},"4":{"name":"(anonymous_3)","line":35,"loc":{"start":{"line":35,"column":27},"end":{"line":38,"column":7}}},"5":{"name":"(anonymous_4)","line":47,"loc":{"start":{"line":47,"column":2},"end":{"line":60,"column":3}}},"6":{"name":"(anonymous_5)","line":51,"loc":{"start":{"line":51,"column":15},"end":{"line":59,"column":5}}},"7":{"name":"(anonymous_6)","line":54,"loc":{"start":{"line":54,"column":19},"end":{"line":57,"column":9}}}},"branchMap":{},"s":{"1":1,"2":1,"3":1,"4":1,"5":1,"6":1,"7":1,"8":1,"9":1,"10":1,"11":1,"12":1,"13":1,"14":1,"15":1,"16":1,"17":1,"18":1,"19":1},"b":{},"f":{"1":1,"2":1,"3":1,"4":1,"5":1,"6":1,"7":1},"l":{"1":1,"5":1,"25":1,"29":1,"32":1,"33":1,"37":1,"40":1,"45":1,"47":1,"51":1,"53":1,"55":1,"56":1,"62":1}},
"src/app/app.component.ts":{"path":"src/app/app.component.ts","statementMap":{"1":{"start":{"line":4,"column":0},"end":{"line":8,"column":22}},"2":{"start":{"line":9,"column":0},"end":{"line":9,"column":40}},"3":{"start":{"line":61,"column":25},"end":{"line":61,"column":0}},"4":{"start":{"line":67,"column":11},"end":{"line":67,"column":29}},"5":{"start":{"line":62,"column":9},"end":{"line":62,"column":65}},"6":{"start":{"line":63,"column":9},"end":{"line":63,"column":44}},"7":{"start":{"line":64,"column":9},"end":{"line":64,"column":50}},"8":{"start":{"line":70,"column":9},"end":{"line":72,"column":3}},"9":{"start":{"line":71,"column":4},"end":{"line":71,"column":58}},"10":{"start":{"line":74,"column":0},"end":{"line":74,"column":1}},"11":{"start":{"line":61,"column":13},"end":{"line":74,"column":1}},"12":{"start":{"line":61,"column":13},"end":{"line":61,"column":25}}},"fnMap":{"1":{"name":"(anonymous_0)","line":61,"loc":{"start":{"line":61,"column":25},"end":{"line":61,"column":0}}},"2":{"name":"AppComponent","line":67,"loc":{"start":{"line":67,"column":29},"end":{"line":68,"column":6}}},"3":{"name":"(anonymous_2)","line":70,"loc":{"start":{"line":70,"column":2},"end":{"line":72,"column":3}}}},"branchMap":{},"s":{"1":1,"2":1,"3":1,"4":3,"5":3,"6":3,"7":3,"8":1,"9":4,"10":1,"11":1,"12":1},"b":{},"f":{"1":1,"2":3,"3":4},"l":{"4":1,"9":1,"61":1,"62":3,"63":3,"64":3,"67":3,"70":1,"71":4,"74":1}},
"src/app/app.service.ts":{"path":"src/app/app.service.ts","statementMap":{"1":{"start":{"line":1,"column":0},"end":{"line":1,"column":42}},"2":{"start":{"line":8,"column":21},"end":{"line":8,"column":0}},"3":{"start":{"line":10,"column":9},"end":{"line":10,"column":41}},"4":{"start":{"line":13,"column":2},"end":{"line":15,"column":3}},"5":{"start":{"line":14,"column":4},"end":{"line":14,"column":50}},"6":{"start":{"line":18,"column":4},"end":{"line":18,"column":59}},"7":{"start":{"line":21,"column":9},"end":{"line":25,"column":3}},"8":{"start":{"line":23,"column":18},"end":{"line":23,"column":28}},"9":{"start":{"line":24,"column":4},"end":{"line":24,"column":60}},"10":{"start":{"line":27,"column":9},"end":{"line":30,"column":3}},"11":{"start":{"line":29,"column":4},"end":{"line":29,"column":37}},"12":{"start":{"line":32,"column":10},"end":{"line":35,"column":3}},"13":{"start":{"line":34,"column":4},"end":{"line":34,"column":48}},"14":{"start":{"line":36,"column":0},"end":{"line":36,"column":1}},"15":{"start":{"line":8,"column":13},"end":{"line":36,"column":1}},"16":{"start":{"line":8,"column":13},"end":{"line":8,"column":21}}},"fnMap":{"1":{"name":"(anonymous_0)","line":8,"loc":{"start":{"line":8,"column":21},"end":{"line":8,"column":0}}},"2":{"name":"AppState","line":7,"loc":{"start":{"line":7,"column":0},"end":{"line":36,"column":1}}},"3":{"name":"(anonymous_2)","line":13,"loc":{"start":{"line":13,"column":2},"end":{"line":15,"column":3}}},"4":{"name":"(anonymous_3)","line":17,"loc":{"start":{"line":17,"column":24},"end":{"line":19,"column":3}}},"5":{"name":"(anonymous_4)","line":21,"loc":{"start":{"line":21,"column":23},"end":{"line":25,"column":3}}},"6":{"name":"(anonymous_5)","line":27,"loc":{"start":{"line":27,"column":37},"end":{"line":30,"column":3}}},"7":{"name":"(anonymous_6)","line":32,"loc":{"start":{"line":32,"column":42},"end":{"line":35,"column":3}}}},"branchMap":{"1":{"line":24,"type":"cond-expr","locations":[{"start":{"line":24,"column":40},"end":{"line":24,"column":51}},{"start":{"line":24,"column":54},"end":{"line":24,"column":59}}]}},"s":{"1":1,"2":1,"3":6,"4":1,"5":10,"6":0,"7":1,"8":0,"9":0,"10":1,"11":0,"12":1,"13":10,"14":1,"15":1,"16":1},"b":{"1":[0,0]},"f":{"1":1,"2":6,"3":10,"4":0,"5":0,"6":0,"7":10},"l":{"1":1,"8":1,"10":6,"13":1,"14":10,"18":0,"21":1,"23":0,"24":0,"27":1,"29":0,"32":1,"34":10,"36":1}},
"src/app/home/home.component.ts":{"path":"src/app/home/home.component.ts","statementMap":{"1":{"start":{"line":1,"column":0},"end":{"line":4,"column":22}},"2":{"start":{"line":6,"column":0},"end":{"line":6,"column":41}},"3":{"start":{"line":7,"column":0},"end":{"line":7,"column":31}},"4":{"start":{"line":24,"column":26},"end":{"line":24,"column":0}},"5":{"start":{"line":29,"column":11},"end":{"line":29,"column":29}},"6":{"start":{"line":30,"column":11},"end":{"line":30,"column":23}},"7":{"start":{"line":26,"column":9},"end":{"line":26,"column":36}},"8":{"start":{"line":33,"column":9},"end":{"line":36,"column":3}},"9":{"start":{"line":34,"column":4},"end":{"line":34,"column":42}},"10":{"start":{"line":38,"column":9},"end":{"line":42,"column":3}},"11":{"start":{"line":39,"column":4},"end":{"line":39,"column":38}},"12":{"start":{"line":40,"column":4},"end":{"line":40,"column":38}},"13":{"start":{"line":41,"column":4},"end":{"line":41,"column":31}},"14":{"start":{"line":43,"column":0},"end":{"line":43,"column":1}},"15":{"start":{"line":24,"column":13},"end":{"line":43,"column":1}},"16":{"start":{"line":24,"column":13},"end":{"line":24,"column":26}}},"fnMap":{"1":{"name":"(anonymous_0)","line":24,"loc":{"start":{"line":24,"column":26},"end":{"line":24,"column":0}}},"2":{"name":"HomeComponent","line":30,"loc":{"start":{"line":30,"column":23},"end":{"line":31,"column":6}}},"3":{"name":"(anonymous_2)","line":33,"loc":{"start":{"line":33,"column":2},"end":{"line":36,"column":3}}},"4":{"name":"(anonymous_3)","line":38,"loc":{"start":{"line":38,"column":34},"end":{"line":42,"column":3}}}},"branchMap":{},"s":{"1":1,"2":1,"3":1,"4":1,"5":3,"6":3,"7":3,"8":1,"9":4,"10":1,"11":0,"12":0,"13":0,"14":1,"15":1,"16":1},"b":{},"f":{"1":1,"2":3,"3":4,"4":0},"l":{"1":1,"6":1,"7":1,"24":1,"26":3,"29":3,"30":3,"33":1,"34":4,"38":1,"39":0,"40":0,"41":0,"43":1}},
"src/app/home/title/index.ts":{"path":"src/app/home/title/index.ts","statementMap":{"1":{"start":{"line":1,"column":0},"end":{"line":1,"column":32}}},"fnMap":{},"branchMap":{},"s":{"1":1},"b":{},"f":{},"l":{"1":1}},
"src/app/home/title/title.service.ts":{"path":"src/app/home/title/title.service.ts","statementMap":{"1":{"start":{"line":1,"column":0},"end":{"line":1,"column":42}},"2":{"start":{"line":2,"column":0},"end":{"line":2,"column":36}},"3":{"start":{"line":5,"column":18},"end":{"line":5,"column":0}},"4":{"start":{"line":10,"column":11},"end":{"line":10,"column":21}},"5":{"start":{"line":7,"column":9},"end":{"line":7,"column":29}},"6":{"start":{"line":13,"column":9},"end":{"line":20,"column":3}},"7":{"start":{"line":14,"column":4},"end":{"line":14,"column":45}},"8":{"start":{"line":17,"column":4},"end":{"line":19,"column":6}},"9":{"start":{"line":22,"column":0},"end":{"line":22,"column":1}},"10":{"start":{"line":5,"column":13},"end":{"line":22,"column":1}},"11":{"start":{"line":5,"column":13},"end":{"line":5,"column":18}}},"fnMap":{"1":{"name":"(anonymous_0)","line":5,"loc":{"start":{"line":5,"column":18},"end":{"line":5,"column":0}}},"2":{"name":"Title","line":10,"loc":{"start":{"line":10,"column":21},"end":{"line":11,"column":6}}},"3":{"name":"(anonymous_2)","line":13,"loc":{"start":{"line":13,"column":2},"end":{"line":20,"column":3}}}},"branchMap":{},"s":{"1":1,"2":1,"3":1,"4":5,"5":5,"6":1,"7":2,"8":2,"9":1,"10":1,"11":1},"b":{},"f":{"1":1,"2":5,"3":2},"l":{"1":1,"2":1,"5":1,"7":5,"10":5,"13":1,"14":2,"17":2,"22":1}},
"src/app/home/x-large/x-large.directive.ts":{"path":"src/app/home/x-large/x-large.directive.ts","statementMap":{"1":{"start":{"line":1,"column":0},"end":{"line":6,"column":22}},"2":{"start":{"line":14,"column":28},"end":{"line":14,"column":0}},"3":{"start":{"line":16,"column":11},"end":{"line":16,"column":30}},"4":{"start":{"line":17,"column":11},"end":{"line":17,"column":29}},"5":{"start":{"line":24,"column":4},"end":{"line":24,"column":75}},"6":{"start":{"line":26,"column":0},"end":{"line":26,"column":1}},"7":{"start":{"line":14,"column":13},"end":{"line":26,"column":1}},"8":{"start":{"line":14,"column":13},"end":{"line":14,"column":28}}},"fnMap":{"1":{"name":"(anonymous_0)","line":14,"loc":{"start":{"line":14,"column":28},"end":{"line":14,"column":0}}},"2":{"name":"XLargeDirective","line":17,"loc":{"start":{"line":17,"column":29},"end":{"line":25,"column":3}}}},"branchMap":{},"s":{"1":1,"2":1,"3":1,"4":1,"5":1,"6":1,"7":1,"8":1},"b":{},"f":{"1":1,"2":1},"l":{"1":1,"14":1,"16":1,"17":1,"24":1,"26":1}},
"src/app/workprocess/workprocess.component.ts":{"path":"src/app/workprocess/workprocess.component.ts","statementMap":{"1":{"start":{"line":1,"column":0},"end":{"line":4,"column":22}},"2":{"start":{"line":5,"column":0},"end":{"line":5,"column":48}},"3":{"start":{"line":6,"column":0},"end":{"line":8,"column":30}},"4":{"start":{"line":17,"column":33},"end":{"line":17,"column":0}},"5":{"start":{"line":27,"column":11},"end":{"line":27,"column":32}},"6":{"start":{"line":28,"column":11},"end":{"line":28,"column":49}},"7":{"start":{"line":21,"column":9},"end":{"line":21,"column":27}},"8":{"start":{"line":22,"column":9},"end":{"line":22,"column":34}},"9":{"start":{"line":23,"column":9},"end":{"line":23,"column":37}},"10":{"start":{"line":24,"column":9},"end":{"line":24,"column":21}},"11":{"start":{"line":31,"column":9},"end":{"line":45,"column":3}},"12":{"start":{"line":31,"column":2},"end":{"line":45,"column":2}},"13":{"start":{"line":32,"column":4},"end":{"line":37,"column":9}},"14":{"start":{"line":36,"column":8},"end":{"line":36,"column":40}},"15":{"start":{"line":39,"column":4},"end":{"line":39,"column":49}},"16":{"start":{"line":44,"column":4},"end":{"line":44,"column":32}},"17":{"start":{"line":47,"column":9},"end":{"line":49,"column":3}},"18":{"start":{"line":48,"column":4},"end":{"line":48,"column":16}},"19":{"start":{"line":51,"column":9},"end":{"line":53,"column":3}},"20":{"start":{"line":52,"column":4},"end":{"line":52,"column":31}},"21":{"start":{"line":55,"column":10},"end":{"line":68,"column":3}},"22":{"start":{"line":55,"column":2},"end":{"line":68,"column":2}},"23":{"start":{"line":59,"column":4},"end":{"line":67,"column":7}},"24":{"start":{"line":61,"column":6},"end":{"line":65,"column":11}},"25":{"start":{"line":63,"column":10},"end":{"line":63,"column":46}},"26":{"start":{"line":64,"column":10},"end":{"line":64,"column":33}},"27":{"start":{"line":70,"column":0},"end":{"line":70,"column":1}},"28":{"start":{"line":17,"column":13},"end":{"line":70,"column":1}},"29":{"start":{"line":17,"column":13},"end":{"line":17,"column":33}}},"fnMap":{"1":{"name":"(anonymous_0)","line":17,"loc":{"start":{"line":17,"column":33},"end":{"line":17,"column":0}}},"2":{"name":"WorkprocessComponent","line":28,"loc":{"start":{"line":28,"column":49},"end":{"line":29,"column":6}}},"3":{"name":"(anonymous_2)","line":31,"loc":{"start":{"line":31,"column":2},"end":{"line":45,"column":3}}},"4":{"name":"(anonymous_3)","line":34,"loc":{"start":{"line":34,"column":27},"end":{"line":37,"column":7}}},"5":{"name":"(anonymous_4)","line":47,"loc":{"start":{"line":47,"column":35},"end":{"line":49,"column":3}}},"6":{"name":"(anonymous_5)","line":51,"loc":{"start":{"line":51,"column":42},"end":{"line":53,"column":3}}},"7":{"name":"(anonymous_6)","line":55,"loc":{"start":{"line":55,"column":2},"end":{"line":68,"column":3}}},"8":{"name":"(anonymous_7)","line":59,"loc":{"start":{"line":59,"column":15},"end":{"line":67,"column":5}}},"9":{"name":"(anonymous_8)","line":62,"loc":{"start":{"line":62,"column":19},"end":{"line":65,"column":9}}}},"branchMap":{},"s":{"1":1,"2":1,"3":1,"4":1,"5":11,"6":11,"7":11,"8":11,"9":11,"10":11,"11":1,"12":1,"13":1,"14":1,"15":1,"16":1,"17":1,"18":0,"19":1,"20":1,"21":1,"22":1,"23":1,"24":1,"25":1,"26":1,"27":1,"28":1,"29":1},"b":{},"f":{"1":1,"2":11,"3":1,"4":1,"5":0,"6":1,"7":1,"8":1,"9":1},"l":{"1":1,"5":1,"6":1,"17":1,"21":11,"22":11,"23":11,"24":11,"27":11,"28":11,"31":1,"32":1,"36":1,"39":1,"44":1,"47":1,"48":0,"51":1,"52":1,"55":1,"59":1,"61":1,"63":1,"64":1,"70":1}},
"src/app/workprocess/workprocess.service.ts":{"path":"src/app/workprocess/workprocess.service.ts","statementMap":{"1":{"start":{"line":1,"column":0},"end":{"line":1,"column":42}},"2":{"start":{"line":2,"column":0},"end":{"line":2,"column":46}},"3":{"start":{"line":3,"column":0},"end":{"line":3,"column":14}},"4":{"start":{"line":6,"column":31},"end":{"line":6,"column":0}},"5":{"start":{"line":8,"column":22},"end":{"line":8,"column":32}},"6":{"start":{"line":10,"column":9},"end":{"line":12,"column":3}},"7":{"start":{"line":11,"column":4},"end":{"line":11,"column":56}},"8":{"start":{"line":14,"column":9},"end":{"line":16,"column":3}},"9":{"start":{"line":15,"column":4},"end":{"line":15,"column":59}},"10":{"start":{"line":18,"column":0},"end":{"line":18,"column":1}},"11":{"start":{"line":6,"column":13},"end":{"line":18,"column":1}},"12":{"start":{"line":6,"column":13},"end":{"line":6,"column":31}}},"fnMap":{"1":{"name":"(anonymous_0)","line":6,"loc":{"start":{"line":6,"column":31},"end":{"line":6,"column":0}}},"2":{"name":"WorkprocessService","line":8,"loc":{"start":{"line":8,"column":32},"end":{"line":8,"column":36}}},"3":{"name":"(anonymous_2)","line":10,"loc":{"start":{"line":10,"column":2},"end":{"line":12,"column":3}}},"4":{"name":"(anonymous_3)","line":14,"loc":{"start":{"line":14,"column":2},"end":{"line":16,"column":3}}}},"branchMap":{},"s":{"1":1,"2":1,"3":1,"4":1,"5":11,"6":1,"7":1,"8":1,"9":1,"10":1,"11":1,"12":1},"b":{},"f":{"1":1,"2":11,"3":1,"4":1},"l":{"1":1,"2":1,"3":1,"6":1,"8":11,"10":1,"11":1,"14":1,"15":1,"18":1}}}
